<?xml version="1.0" encoding="UTF-8"?>
<testng-results ignored="0" total="1" passed="1" failed="0" skipped="0">
  <reporter-output>
  </reporter-output>
  <suite started-at="2026-02-02T18:48:17 IST" name="Default suite" finished-at="2026-02-02T18:48:23 IST" duration-ms="6032">
    <groups>
    </groups>
    <test started-at="2026-02-02T18:48:17 IST" name="Default test" finished-at="2026-02-02T18:48:23 IST" duration-ms="6032">
      <class name="testingbaba.BaseLibrary">
        <test-method signature="launchUrl()[pri:0, instance:testingbaba.BaseLibrary@128d2484]" started-at="2026-02-02T18:48:17 IST" name="launchUrl" finished-at="2026-02-02T18:48:23 IST" duration-ms="5953" status="PASS">
          <reporter-output>
          </reporter-output>
        </test-method> <!-- launchUrl -->
      </class> <!-- testingbaba.BaseLibrary -->
    </test> <!-- Default test -->
  </suite> <!-- Default suite -->
</testng-results>
